This file contains any messages produced by compilers while
running configure, to aid debugging if configure makes a mistake.

It was created by LibHTP configure 0.5.18, which was
generated by GNU Autoconf 2.69.  Invocation command line was

  $ ./configure --disable-option-checking --prefix=/usr/local --enable-dpdkintel --cache-file=/dev/null --srcdir=.

## --------- ##
## Platform. ##
## --------- ##

hostname = vvarghes-Notebook
uname -m = x86_64
uname -r = 4.2.0-19-generic
uname -s = Linux
uname -v = #23-Ubuntu SMP Wed Nov 11 11:39:30 UTC 2015

/usr/bin/uname -p = unknown
/bin/uname -X     = unknown

/bin/arch              = unknown
/usr/bin/arch -k       = unknown
/usr/convex/getsysinfo = unknown
/usr/bin/hostinfo      = unknown
/bin/machine           = unknown
/usr/bin/oslevel       = unknown
/bin/universe          = unknown

PATH: /usr/local/sbin
PATH: /usr/local/bin
PATH: /usr/sbin
PATH: /usr/bin
PATH: /sbin
PATH: /bin
PATH: /usr/games
PATH: /usr/local/games


## ----------- ##
## Core tests. ##
## ----------- ##

configure:2402: checking for a BSD-compatible install
configure:2470: result: /usr/bin/install -c
configure:2481: checking whether build environment is sane
configure:2536: result: yes
configure:2687: checking for a thread-safe mkdir -p
configure:2726: result: /bin/mkdir -p
configure:2733: checking for gawk
configure:2749: found /usr/bin/gawk
configure:2760: result: gawk
configure:2771: checking whether make sets $(MAKE)
configure:2793: result: yes
configure:2822: checking whether make supports nested variables
configure:2839: result: yes
configure:3085: checking for gcc
configure:3101: found /usr/bin/gcc
configure:3112: result: gcc
configure:3341: checking for C compiler version
configure:3350: gcc --version >&5
gcc (Ubuntu 5.2.1-22ubuntu2) 5.2.1 20151010
Copyright (C) 2015 Free Software Foundation, Inc.
This is free software; see the source for copying conditions.  There is NO
warranty; not even for MERCHANTABILITY or FITNESS FOR A PARTICULAR PURPOSE.

configure:3361: $? = 0
configure:3350: gcc -v >&5
Using built-in specs.
COLLECT_GCC=gcc
COLLECT_LTO_WRAPPER=/usr/lib/gcc/x86_64-linux-gnu/5/lto-wrapper
Target: x86_64-linux-gnu
Configured with: ../src/configure -v --with-pkgversion='Ubuntu 5.2.1-22ubuntu2' --with-bugurl=file:///usr/share/doc/gcc-5/README.Bugs --enable-languages=c,ada,c++,java,go,d,fortran,objc,obj-c++ --prefix=/usr --program-suffix=-5 --enable-shared --enable-linker-build-id --libexecdir=/usr/lib --without-included-gettext --enable-threads=posix --libdir=/usr/lib --enable-nls --with-sysroot=/ --enable-clocale=gnu --enable-libstdcxx-debug --enable-libstdcxx-time=yes --with-default-libstdcxx-abi=new --enable-gnu-unique-object --disable-vtable-verify --enable-libmpx --enable-plugin --with-system-zlib --disable-browser-plugin --enable-java-awt=gtk --enable-gtk-cairo --with-java-home=/usr/lib/jvm/java-1.5.0-gcj-5-amd64/jre --enable-java-home --with-jvm-root-dir=/usr/lib/jvm/java-1.5.0-gcj-5-amd64 --with-jvm-jar-dir=/usr/lib/jvm-exports/java-1.5.0-gcj-5-amd64 --with-arch-directory=amd64 --with-ecj-jar=/usr/share/java/eclipse-ecj.jar --enable-objc-gc --enable-multiarch --disable-werror --with-arch-32=i686 --with-abi=m64 --with-multilib-list=m32,m64,mx32 --enable-multilib --with-tune=generic --enable-checking=release --build=x86_64-linux-gnu --host=x86_64-linux-gnu --target=x86_64-linux-gnu
Thread model: posix
gcc version 5.2.1 20151010 (Ubuntu 5.2.1-22ubuntu2) 
configure:3361: $? = 0
configure:3350: gcc -V >&5
gcc: error: unrecognized command line option '-V'
gcc: fatal error: no input files
compilation terminated.
configure:3361: $? = 1
configure:3350: gcc -qversion >&5
gcc: error: unrecognized command line option '-qversion'
gcc: fatal error: no input files
compilation terminated.
configure:3361: $? = 1
configure:3381: checking whether the C compiler works
configure:3403: gcc  -O2  -O2  conftest.c  >&5
configure:3407: $? = 0
configure:3455: result: yes
configure:3458: checking for C compiler default output file name
configure:3460: result: a.out
configure:3466: checking for suffix of executables
configure:3473: gcc -o conftest  -O2  -O2  conftest.c  >&5
configure:3477: $? = 0
configure:3499: result: 
configure:3521: checking whether we are cross compiling
configure:3529: gcc -o conftest  -O2  -O2  conftest.c  >&5
configure:3533: $? = 0
configure:3540: ./conftest
configure:3544: $? = 0
configure:3559: result: no
configure:3564: checking for suffix of object files
configure:3586: gcc -c  -O2  -O2 conftest.c >&5
configure:3590: $? = 0
configure:3611: result: o
configure:3615: checking whether we are using the GNU C compiler
configure:3634: gcc -c  -O2  -O2 conftest.c >&5
configure:3634: $? = 0
configure:3643: result: yes
configure:3652: checking whether gcc accepts -g
configure:3672: gcc -c -g  -O2 conftest.c >&5
configure:3672: $? = 0
configure:3713: result: yes
configure:3730: checking for gcc option to accept ISO C89
configure:3793: gcc  -c  -O2  -O2 conftest.c >&5
configure:3793: $? = 0
configure:3806: result: none needed
configure:3831: checking whether gcc understands -c and -o together
configure:3853: gcc -c conftest.c -o conftest2.o
configure:3856: $? = 0
configure:3853: gcc -c conftest.c -o conftest2.o
configure:3856: $? = 0
configure:3868: result: yes
configure:3896: checking for style of include used by make
configure:3924: result: GNU
configure:3950: checking dependency style of gcc
configure:4061: result: gcc3
configure:4135: checking for g++
configure:4151: found /usr/bin/g++
configure:4162: result: g++
configure:4189: checking for C++ compiler version
configure:4198: g++ --version >&5
g++ (Ubuntu 5.2.1-22ubuntu2) 5.2.1 20151010
Copyright (C) 2015 Free Software Foundation, Inc.
This is free software; see the source for copying conditions.  There is NO
warranty; not even for MERCHANTABILITY or FITNESS FOR A PARTICULAR PURPOSE.

configure:4209: $? = 0
configure:4198: g++ -v >&5
Using built-in specs.
COLLECT_GCC=g++
COLLECT_LTO_WRAPPER=/usr/lib/gcc/x86_64-linux-gnu/5/lto-wrapper
Target: x86_64-linux-gnu
Configured with: ../src/configure -v --with-pkgversion='Ubuntu 5.2.1-22ubuntu2' --with-bugurl=file:///usr/share/doc/gcc-5/README.Bugs --enable-languages=c,ada,c++,java,go,d,fortran,objc,obj-c++ --prefix=/usr --program-suffix=-5 --enable-shared --enable-linker-build-id --libexecdir=/usr/lib --without-included-gettext --enable-threads=posix --libdir=/usr/lib --enable-nls --with-sysroot=/ --enable-clocale=gnu --enable-libstdcxx-debug --enable-libstdcxx-time=yes --with-default-libstdcxx-abi=new --enable-gnu-unique-object --disable-vtable-verify --enable-libmpx --enable-plugin --with-system-zlib --disable-browser-plugin --enable-java-awt=gtk --enable-gtk-cairo --with-java-home=/usr/lib/jvm/java-1.5.0-gcj-5-amd64/jre --enable-java-home --with-jvm-root-dir=/usr/lib/jvm/java-1.5.0-gcj-5-amd64 --with-jvm-jar-dir=/usr/lib/jvm-exports/java-1.5.0-gcj-5-amd64 --with-arch-directory=amd64 --with-ecj-jar=/usr/share/java/eclipse-ecj.jar --enable-objc-gc --enable-multiarch --disable-werror --with-arch-32=i686 --with-abi=m64 --with-multilib-list=m32,m64,mx32 --enable-multilib --with-tune=generic --enable-checking=release --build=x86_64-linux-gnu --host=x86_64-linux-gnu --target=x86_64-linux-gnu
Thread model: posix
gcc version 5.2.1 20151010 (Ubuntu 5.2.1-22ubuntu2) 
configure:4209: $? = 0
configure:4198: g++ -V >&5
g++: error: unrecognized command line option '-V'
g++: fatal error: no input files
compilation terminated.
configure:4209: $? = 1
configure:4198: g++ -qversion >&5
g++: error: unrecognized command line option '-qversion'
g++: fatal error: no input files
compilation terminated.
configure:4209: $? = 1
configure:4213: checking whether we are using the GNU C++ compiler
configure:4232: g++ -c   -O2 conftest.cpp >&5
configure:4232: $? = 0
configure:4241: result: yes
configure:4250: checking whether g++ accepts -g
configure:4270: g++ -c -g  -O2 conftest.cpp >&5
configure:4270: $? = 0
configure:4311: result: yes
configure:4336: checking dependency style of g++
configure:4447: result: gcc3
configure:4491: checking build system type
configure:4505: result: x86_64-unknown-linux-gnu
configure:4525: checking host system type
configure:4538: result: x86_64-unknown-linux-gnu
configure:4579: checking how to print strings
configure:4606: result: printf
configure:4627: checking for a sed that does not truncate output
configure:4691: result: /bin/sed
configure:4709: checking for grep that handles long lines and -e
configure:4767: result: /bin/grep
configure:4772: checking for egrep
configure:4834: result: /bin/grep -E
configure:4839: checking for fgrep
configure:4901: result: /bin/grep -F
configure:4936: checking for ld used by gcc
configure:5003: result: /usr/bin/ld
configure:5010: checking if the linker (/usr/bin/ld) is GNU ld
configure:5025: result: yes
configure:5037: checking for BSD- or MS-compatible name lister (nm)
configure:5086: result: /usr/bin/nm -B
configure:5216: checking the name lister (/usr/bin/nm -B) interface
configure:5223: gcc -c  -O2  -O2 conftest.c >&5
configure:5226: /usr/bin/nm -B "conftest.o"
configure:5229: output
0000000000000000 B some_variable
configure:5236: result: BSD nm
configure:5239: checking whether ln -s works
configure:5243: result: yes
configure:5251: checking the maximum length of command line arguments
configure:5382: result: 1572864
configure:5399: checking whether the shell understands some XSI constructs
configure:5409: result: yes
configure:5413: checking whether the shell understands "+="
configure:5419: result: yes
configure:5454: checking how to convert x86_64-unknown-linux-gnu file names to x86_64-unknown-linux-gnu format
configure:5494: result: func_convert_file_noop
configure:5501: checking how to convert x86_64-unknown-linux-gnu file names to toolchain format
configure:5521: result: func_convert_file_noop
configure:5528: checking for /usr/bin/ld option to reload object files
configure:5535: result: -r
configure:5609: checking for objdump
configure:5625: found /usr/bin/objdump
configure:5636: result: objdump
configure:5668: checking how to recognize dependent libraries
configure:5866: result: pass_all
configure:5951: checking for dlltool
configure:5981: result: no
configure:6011: checking how to associate runtime and link libraries
configure:6038: result: printf %s\n
configure:6099: checking for ar
configure:6115: found /usr/bin/ar
configure:6126: result: ar
configure:6163: checking for archiver @FILE support
configure:6180: gcc -c  -O2  -O2 conftest.c >&5
configure:6180: $? = 0
configure:6183: ar cru libconftest.a @conftest.lst >&5
ar: `u' modifier ignored since `D' is the default (see `U')
configure:6186: $? = 0
configure:6191: ar cru libconftest.a @conftest.lst >&5
ar: `u' modifier ignored since `D' is the default (see `U')
ar: conftest.o: No such file or directory
configure:6194: $? = 1
configure:6206: result: @
configure:6264: checking for strip
configure:6280: found /usr/bin/strip
configure:6291: result: strip
configure:6363: checking for ranlib
configure:6379: found /usr/bin/ranlib
configure:6390: result: ranlib
configure:6492: checking command to parse /usr/bin/nm -B output from gcc object
configure:6612: gcc -c  -O2  -O2 conftest.c >&5
configure:6615: $? = 0
configure:6619: /usr/bin/nm -B conftest.o \| sed -n -e 's/^.*[ ]\([ABCDGIRSTW][ABCDGIRSTW]*\)[ ][ ]*\([_A-Za-z][_A-Za-z0-9]*\)$/\1 \2 \2/p' | sed '/ __gnu_lto/d' \> conftest.nm
configure:6622: $? = 0
configure:6688: gcc -o conftest  -O2  -O2  conftest.c conftstm.o >&5
configure:6691: $? = 0
configure:6729: result: ok
configure:6766: checking for sysroot
configure:6796: result: no
configure:6873: gcc -c  -O2  -O2 conftest.c >&5
configure:6876: $? = 0
configure:7065: checking for mt
configure:7081: found /bin/mt
configure:7092: result: mt
configure:7115: checking if mt is a manifest tool
configure:7121: mt '-?'
configure:7129: result: no
configure:7771: checking how to run the C preprocessor
configure:7802: gcc -E  -O2 conftest.c
configure:7802: $? = 0
configure:7816: gcc -E  -O2 conftest.c
conftest.c:11:28: fatal error: ac_nonexistent.h: No such file or directory
compilation terminated.
configure:7816: $? = 1
configure: failed program was:
| /* confdefs.h */
| #define PACKAGE_NAME "LibHTP"
| #define PACKAGE_TARNAME "libhtp"
| #define PACKAGE_VERSION "0.5.18"
| #define PACKAGE_STRING "LibHTP 0.5.18"
| #define PACKAGE_BUGREPORT ""
| #define PACKAGE_URL ""
| #define PACKAGE "libhtp"
| #define VERSION "0.5.18"
| /* end confdefs.h.  */
| #include <ac_nonexistent.h>
configure:7841: result: gcc -E
configure:7861: gcc -E  -O2 conftest.c
configure:7861: $? = 0
configure:7875: gcc -E  -O2 conftest.c
conftest.c:11:28: fatal error: ac_nonexistent.h: No such file or directory
compilation terminated.
configure:7875: $? = 1
configure: failed program was:
| /* confdefs.h */
| #define PACKAGE_NAME "LibHTP"
| #define PACKAGE_TARNAME "libhtp"
| #define PACKAGE_VERSION "0.5.18"
| #define PACKAGE_STRING "LibHTP 0.5.18"
| #define PACKAGE_BUGREPORT ""
| #define PACKAGE_URL ""
| #define PACKAGE "libhtp"
| #define VERSION "0.5.18"
| /* end confdefs.h.  */
| #include <ac_nonexistent.h>
configure:7904: checking for ANSI C header files
configure:7924: gcc -c  -O2  -O2 conftest.c >&5
configure:7924: $? = 0
configure:7997: gcc -o conftest  -O2  -O2  conftest.c  >&5
configure:7997: $? = 0
configure:7997: ./conftest
configure:7997: $? = 0
configure:8008: result: yes
configure:8021: checking for sys/types.h
configure:8021: gcc -c  -O2  -O2 conftest.c >&5
configure:8021: $? = 0
configure:8021: result: yes
configure:8021: checking for sys/stat.h
configure:8021: gcc -c  -O2  -O2 conftest.c >&5
configure:8021: $? = 0
configure:8021: result: yes
configure:8021: checking for stdlib.h
configure:8021: gcc -c  -O2  -O2 conftest.c >&5
configure:8021: $? = 0
configure:8021: result: yes
configure:8021: checking for string.h
configure:8021: gcc -c  -O2  -O2 conftest.c >&5
configure:8021: $? = 0
configure:8021: result: yes
configure:8021: checking for memory.h
configure:8021: gcc -c  -O2  -O2 conftest.c >&5
configure:8021: $? = 0
configure:8021: result: yes
configure:8021: checking for strings.h
configure:8021: gcc -c  -O2  -O2 conftest.c >&5
configure:8021: $? = 0
configure:8021: result: yes
configure:8021: checking for inttypes.h
configure:8021: gcc -c  -O2  -O2 conftest.c >&5
configure:8021: $? = 0
configure:8021: result: yes
configure:8021: checking for stdint.h
configure:8021: gcc -c  -O2  -O2 conftest.c >&5
configure:8021: $? = 0
configure:8021: result: yes
configure:8021: checking for unistd.h
configure:8021: gcc -c  -O2  -O2 conftest.c >&5
configure:8021: $? = 0
configure:8021: result: yes
configure:8035: checking for dlfcn.h
configure:8035: gcc -c  -O2  -O2 conftest.c >&5
configure:8035: $? = 0
configure:8035: result: yes
configure:8252: checking for objdir
configure:8267: result: .libs
configure:8538: checking if gcc supports -fno-rtti -fno-exceptions
configure:8556: gcc -c  -O2  -O2 -fno-rtti -fno-exceptions conftest.c >&5
cc1: warning: command line option '-fno-rtti' is valid for C++/ObjC++ but not for C
configure:8560: $? = 0
configure:8573: result: no
configure:8900: checking for gcc option to produce PIC
configure:8907: result: -fPIC -DPIC
configure:8915: checking if gcc PIC flag -fPIC -DPIC works
configure:8933: gcc -c  -O2  -O2 -fPIC -DPIC -DPIC conftest.c >&5
configure:8937: $? = 0
configure:8950: result: yes
configure:8979: checking if gcc static flag -static works
configure:9007: result: yes
configure:9022: checking if gcc supports -c -o file.o
configure:9043: gcc -c  -O2  -O2 -o out/conftest2.o conftest.c >&5
configure:9047: $? = 0
configure:9069: result: yes
configure:9077: checking if gcc supports -c -o file.o
configure:9124: result: yes
configure:9157: checking whether the gcc linker (/usr/bin/ld -m elf_x86_64) supports shared libraries
configure:10314: result: yes
configure:10351: checking whether -lc should be explicitly linked in
configure:10359: gcc -c  -O2  -O2 conftest.c >&5
configure:10362: $? = 0
configure:10377: gcc -shared  -fPIC -DPIC conftest.o  -v -Wl,-soname -Wl,conftest -o conftest 2\>\&1 \| /bin/grep  -lc  \>/dev/null 2\>\&1
configure:10380: $? = 0
configure:10394: result: no
configure:10554: checking dynamic linker characteristics
configure:11054: gcc -o conftest  -O2  -O2  -Wl,-rpath -Wl,/foo conftest.c  >&5
configure:11054: $? = 0
configure:11288: result: GNU/Linux ld.so
configure:11395: checking how to hardcode library paths into programs
configure:11420: result: immediate
configure:11960: checking whether stripping libraries is possible
configure:11965: result: yes
configure:12000: checking if libtool supports shared libraries
configure:12002: result: yes
configure:12005: checking whether to build shared libraries
configure:12026: result: yes
configure:12029: checking whether to build static libraries
configure:12033: result: yes
configure:12056: checking how to run the C++ preprocessor
configure:12083: g++ -E  -O2 conftest.cpp
configure:12083: $? = 0
configure:12097: g++ -E  -O2 conftest.cpp
conftest.cpp:23:28: fatal error: ac_nonexistent.h: No such file or directory
compilation terminated.
configure:12097: $? = 1
configure: failed program was:
| /* confdefs.h */
| #define PACKAGE_NAME "LibHTP"
| #define PACKAGE_TARNAME "libhtp"
| #define PACKAGE_VERSION "0.5.18"
| #define PACKAGE_STRING "LibHTP 0.5.18"
| #define PACKAGE_BUGREPORT ""
| #define PACKAGE_URL ""
| #define PACKAGE "libhtp"
| #define VERSION "0.5.18"
| #define STDC_HEADERS 1
| #define HAVE_SYS_TYPES_H 1
| #define HAVE_SYS_STAT_H 1
| #define HAVE_STDLIB_H 1
| #define HAVE_STRING_H 1
| #define HAVE_MEMORY_H 1
| #define HAVE_STRINGS_H 1
| #define HAVE_INTTYPES_H 1
| #define HAVE_STDINT_H 1
| #define HAVE_UNISTD_H 1
| #define HAVE_DLFCN_H 1
| #define LT_OBJDIR ".libs/"
| /* end confdefs.h.  */
| #include <ac_nonexistent.h>
configure:12122: result: g++ -E
configure:12142: g++ -E  -O2 conftest.cpp
configure:12142: $? = 0
configure:12156: g++ -E  -O2 conftest.cpp
conftest.cpp:23:28: fatal error: ac_nonexistent.h: No such file or directory
compilation terminated.
configure:12156: $? = 1
configure: failed program was:
| /* confdefs.h */
| #define PACKAGE_NAME "LibHTP"
| #define PACKAGE_TARNAME "libhtp"
| #define PACKAGE_VERSION "0.5.18"
| #define PACKAGE_STRING "LibHTP 0.5.18"
| #define PACKAGE_BUGREPORT ""
| #define PACKAGE_URL ""
| #define PACKAGE "libhtp"
| #define VERSION "0.5.18"
| #define STDC_HEADERS 1
| #define HAVE_SYS_TYPES_H 1
| #define HAVE_SYS_STAT_H 1
| #define HAVE_STDLIB_H 1
| #define HAVE_STRING_H 1
| #define HAVE_MEMORY_H 1
| #define HAVE_STRINGS_H 1
| #define HAVE_INTTYPES_H 1
| #define HAVE_STDINT_H 1
| #define HAVE_UNISTD_H 1
| #define HAVE_DLFCN_H 1
| #define LT_OBJDIR ".libs/"
| /* end confdefs.h.  */
| #include <ac_nonexistent.h>
configure:12325: checking for ld used by g++
configure:12392: result: /usr/bin/ld -m elf_x86_64
configure:12399: checking if the linker (/usr/bin/ld -m elf_x86_64) is GNU ld
configure:12414: result: yes
configure:12469: checking whether the g++ linker (/usr/bin/ld -m elf_x86_64) supports shared libraries
configure:13471: result: yes
configure:13507: g++ -c -g -O2  -O2 conftest.cpp >&5
configure:13510: $? = 0
configure:14030: checking for g++ option to produce PIC
configure:14037: result: -fPIC -DPIC
configure:14045: checking if g++ PIC flag -fPIC -DPIC works
configure:14063: g++ -c -g -O2  -O2 -fPIC -DPIC -DPIC conftest.cpp >&5
configure:14067: $? = 0
configure:14080: result: yes
configure:14103: checking if g++ static flag -static works
configure:14131: result: yes
configure:14143: checking if g++ supports -c -o file.o
configure:14164: g++ -c -g -O2  -O2 -o out/conftest2.o conftest.cpp >&5
configure:14168: $? = 0
configure:14190: result: yes
configure:14195: checking if g++ supports -c -o file.o
configure:14242: result: yes
configure:14272: checking whether the g++ linker (/usr/bin/ld -m elf_x86_64) supports shared libraries
configure:14311: result: yes
configure:14452: checking dynamic linker characteristics
configure:15120: result: GNU/Linux ld.so
configure:15173: checking how to hardcode library paths into programs
configure:15198: result: immediate
configure:15259: checking whether build environment is sane
configure:15314: result: yes
configure:15331: checking for strlcpy
configure:15331: gcc -o conftest  -O2  -O2  conftest.c  >&5
/tmp/ccfZf1La.o: In function `main':
conftest.c:(.text.startup+0x7): undefined reference to `strlcpy'
collect2: error: ld returned 1 exit status
configure:15331: $? = 1
configure: failed program was:
| /* confdefs.h */
| #define PACKAGE_NAME "LibHTP"
| #define PACKAGE_TARNAME "libhtp"
| #define PACKAGE_VERSION "0.5.18"
| #define PACKAGE_STRING "LibHTP 0.5.18"
| #define PACKAGE_BUGREPORT ""
| #define PACKAGE_URL ""
| #define PACKAGE "libhtp"
| #define VERSION "0.5.18"
| #define STDC_HEADERS 1
| #define HAVE_SYS_TYPES_H 1
| #define HAVE_SYS_STAT_H 1
| #define HAVE_STDLIB_H 1
| #define HAVE_STRING_H 1
| #define HAVE_MEMORY_H 1
| #define HAVE_STRINGS_H 1
| #define HAVE_INTTYPES_H 1
| #define HAVE_STDINT_H 1
| #define HAVE_UNISTD_H 1
| #define HAVE_DLFCN_H 1
| #define LT_OBJDIR ".libs/"
| /* end confdefs.h.  */
| /* Define strlcpy to an innocuous variant, in case <limits.h> declares strlcpy.
|    For example, HP-UX 11i <limits.h> declares gettimeofday.  */
| #define strlcpy innocuous_strlcpy
| 
| /* System header to define __stub macros and hopefully few prototypes,
|     which can conflict with char strlcpy (); below.
|     Prefer <limits.h> to <assert.h> if __STDC__ is defined, since
|     <limits.h> exists even on freestanding compilers.  */
| 
| #ifdef __STDC__
| # include <limits.h>
| #else
| # include <assert.h>
| #endif
| 
| #undef strlcpy
| 
| /* Override any GCC internal prototype to avoid an error.
|    Use char because int might match the return type of a GCC
|    builtin and then its argument prototype would still apply.  */
| #ifdef __cplusplus
| extern "C"
| #endif
| char strlcpy ();
| /* The GNU C library defines this for functions which it implements
|     to always fail with ENOSYS.  Some functions are actually named
|     something starting with __ and the normal name is an alias.  */
| #if defined __stub_strlcpy || defined __stub___strlcpy
| choke me
| #endif
| 
| int
| main ()
| {
| return strlcpy ();
|   ;
|   return 0;
| }
configure:15331: result: no
configure:15331: checking for strlcat
configure:15331: gcc -o conftest  -O2  -O2  conftest.c  >&5
/tmp/ccJUU4He.o: In function `main':
conftest.c:(.text.startup+0x7): undefined reference to `strlcat'
collect2: error: ld returned 1 exit status
configure:15331: $? = 1
configure: failed program was:
| /* confdefs.h */
| #define PACKAGE_NAME "LibHTP"
| #define PACKAGE_TARNAME "libhtp"
| #define PACKAGE_VERSION "0.5.18"
| #define PACKAGE_STRING "LibHTP 0.5.18"
| #define PACKAGE_BUGREPORT ""
| #define PACKAGE_URL ""
| #define PACKAGE "libhtp"
| #define VERSION "0.5.18"
| #define STDC_HEADERS 1
| #define HAVE_SYS_TYPES_H 1
| #define HAVE_SYS_STAT_H 1
| #define HAVE_STDLIB_H 1
| #define HAVE_STRING_H 1
| #define HAVE_MEMORY_H 1
| #define HAVE_STRINGS_H 1
| #define HAVE_INTTYPES_H 1
| #define HAVE_STDINT_H 1
| #define HAVE_UNISTD_H 1
| #define HAVE_DLFCN_H 1
| #define LT_OBJDIR ".libs/"
| /* end confdefs.h.  */
| /* Define strlcat to an innocuous variant, in case <limits.h> declares strlcat.
|    For example, HP-UX 11i <limits.h> declares gettimeofday.  */
| #define strlcat innocuous_strlcat
| 
| /* System header to define __stub macros and hopefully few prototypes,
|     which can conflict with char strlcat (); below.
|     Prefer <limits.h> to <assert.h> if __STDC__ is defined, since
|     <limits.h> exists even on freestanding compilers.  */
| 
| #ifdef __STDC__
| # include <limits.h>
| #else
| # include <assert.h>
| #endif
| 
| #undef strlcat
| 
| /* Override any GCC internal prototype to avoid an error.
|    Use char because int might match the return type of a GCC
|    builtin and then its argument prototype would still apply.  */
| #ifdef __cplusplus
| extern "C"
| #endif
| char strlcat ();
| /* The GNU C library defines this for functions which it implements
|     to always fail with ENOSYS.  Some functions are actually named
|     something starting with __ and the normal name is an alias.  */
| #if defined __stub_strlcat || defined __stub___strlcat
| choke me
| #endif
| 
| int
| main ()
| {
| return strlcat ();
|   ;
|   return 0;
| }
configure:15331: result: no
configure:15341: checking zlib.h usability
configure:15341: gcc -c  -O2  -O2 conftest.c >&5
configure:15341: $? = 0
configure:15341: result: yes
configure:15341: checking zlib.h presence
configure:15341: gcc -E  -O2 conftest.c
configure:15341: $? = 0
configure:15341: result: yes
configure:15341: checking for zlib.h
configure:15341: result: yes
configure:15350: checking for inflate in -lz
configure:15375: gcc -o conftest  -O2  -O2  conftest.c -lz   >&5
configure:15375: $? = 0
configure:15384: result: yes
configure:15405: checking OS
configure:15432: result: Linux
configure:15531: checking for ld used by GCC
configure:15595: result: /usr/bin/ld -m elf_x86_64
configure:15602: checking if the linker (/usr/bin/ld -m elf_x86_64) is GNU ld
configure:15615: result: yes
configure:15622: checking for shared library run path origin
configure:15635: result: done
configure:16213: checking for iconv
configure:16235: gcc -o conftest  -O2  -O2  conftest.c -lz  >&5
configure:16235: $? = 0
configure:16267: result: yes
configure:16270: checking for working iconv
configure:16365: gcc -o conftest  -O2  -O2  conftest.c -lz  >&5
configure:16365: $? = 0
configure:16365: ./conftest
configure:16365: $? = 0
configure:16377: result: yes
configure:16405: checking for iconv declaration
configure:16434: gcc -c  -O2  -O2 conftest.c >&5
configure:16434: $? = 0
configure:16445: result:
         extern size_t iconv (iconv_t cd, char * *inbuf, size_t *inbytesleft, char * *outbuf, size_t *outbytesleft);
configure:16457: checking for gcc support of -Wstrict-overflow=1
configure:16472: gcc -c  -O2 -Wstrict-overflow=1  -O2 conftest.c >&5
configure:16472: $? = 0
configure:16478: result: yes
configure:16485: checking for gcc support of stack smashing protection
configure:16500: gcc -c  -O2 -Wstrict-overflow=1 -fstack-protector  -O2 conftest.c >&5
configure:16500: $? = 0
configure:16506: result: yes
configure:16513: checking for gcc support of FORTIFY_SOURCE
configure:16528: gcc -c  -O2 -Wstrict-overflow=1 -fstack-protector -D_FORTIFY_SOURCE=2  -O2 conftest.c >&5
configure:16528: $? = 0
configure:16534: result: yes
configure:16540: checking for gcc support of -Wformat -Wformat-security
configure:16555: gcc -c  -O2 -Wstrict-overflow=1 -fstack-protector -D_FORTIFY_SOURCE=2 -Wformat -Wformat-security  -O2 conftest.c >&5
configure:16555: $? = 0
configure:16561: result: yes
configure:16584: checking for doxygen
configure:16617: result: no
configure:16632: checking for lcov
configure:16663: result: no
configure:16787: checking that generated files are newer than configure
configure:16793: result: done
configure:16815: checking that generated files are newer than configure
configure:16821: result: done
configure:16828: creating ./config.status

## ---------------------- ##
## Running config.status. ##
## ---------------------- ##

This file was extended by LibHTP config.status 0.5.18, which was
generated by GNU Autoconf 2.69.  Invocation command line was

  CONFIG_FILES    = 
  CONFIG_HEADERS  = 
  CONFIG_LINKS    = 
  CONFIG_COMMANDS = 
  $ ./config.status 

on vvarghes-Notebook

config.status:1161: creating htp/htp_version.h
config.status:1161: creating Makefile
config.status:1161: creating htp.pc
config.status:1161: creating htp/Makefile
config.status:1161: creating test/Makefile
config.status:1161: creating docs/Makefile
config.status:1161: creating htp_config_auto_gen.h
config.status:1390: executing depfiles commands
config.status:1390: executing libtool commands

## ---------------- ##
## Cache variables. ##
## ---------------- ##

ac_cv_build=x86_64-unknown-linux-gnu
ac_cv_c_compiler_gnu=yes
ac_cv_cxx_compiler_gnu=yes
ac_cv_env_CCC_set=
ac_cv_env_CCC_value=
ac_cv_env_CC_set=
ac_cv_env_CC_value=
ac_cv_env_CFLAGS_set=
ac_cv_env_CFLAGS_value=
ac_cv_env_CPPFLAGS_set=
ac_cv_env_CPPFLAGS_value=
ac_cv_env_CPP_set=
ac_cv_env_CPP_value=
ac_cv_env_CXXCPP_set=
ac_cv_env_CXXCPP_value=
ac_cv_env_CXXFLAGS_set=
ac_cv_env_CXXFLAGS_value=
ac_cv_env_CXX_set=
ac_cv_env_CXX_value=
ac_cv_env_LDFLAGS_set=
ac_cv_env_LDFLAGS_value=
ac_cv_env_LIBS_set=
ac_cv_env_LIBS_value=
ac_cv_env_build_alias_set=
ac_cv_env_build_alias_value=
ac_cv_env_host_alias_set=
ac_cv_env_host_alias_value=
ac_cv_env_target_alias_set=
ac_cv_env_target_alias_value=
ac_cv_func_strlcat=no
ac_cv_func_strlcpy=no
ac_cv_header_dlfcn_h=yes
ac_cv_header_inttypes_h=yes
ac_cv_header_memory_h=yes
ac_cv_header_stdc=yes
ac_cv_header_stdint_h=yes
ac_cv_header_stdlib_h=yes
ac_cv_header_string_h=yes
ac_cv_header_strings_h=yes
ac_cv_header_sys_stat_h=yes
ac_cv_header_sys_types_h=yes
ac_cv_header_unistd_h=yes
ac_cv_header_zlib_h=yes
ac_cv_host=x86_64-unknown-linux-gnu
ac_cv_lib_z_inflate=yes
ac_cv_objext=o
ac_cv_path_EGREP='/bin/grep -E'
ac_cv_path_FGREP='/bin/grep -F'
ac_cv_path_GREP=/bin/grep
ac_cv_path_LCOV=no
ac_cv_path_SED=/bin/sed
ac_cv_path_install='/usr/bin/install -c'
ac_cv_path_mkdir=/bin/mkdir
ac_cv_prog_AWK=gawk
ac_cv_prog_CPP='gcc -E'
ac_cv_prog_CXXCPP='g++ -E'
ac_cv_prog_ac_ct_AR=ar
ac_cv_prog_ac_ct_CC=gcc
ac_cv_prog_ac_ct_CXX=g++
ac_cv_prog_ac_ct_MANIFEST_TOOL=mt
ac_cv_prog_ac_ct_OBJDUMP=objdump
ac_cv_prog_ac_ct_RANLIB=ranlib
ac_cv_prog_ac_ct_STRIP=strip
ac_cv_prog_cc_c89=
ac_cv_prog_cc_g=yes
ac_cv_prog_cxx_g=yes
ac_cv_prog_make_make_set=yes
acl_cv_path_LD='/usr/bin/ld -m elf_x86_64'
acl_cv_prog_gnu_ld=yes
acl_cv_rpath=done
am_cv_CC_dependencies_compiler_type=gcc3
am_cv_CXX_dependencies_compiler_type=gcc3
am_cv_func_iconv=yes
am_cv_func_iconv_works=yes
am_cv_lib_iconv=no
am_cv_make_support_nested_variables=yes
am_cv_prog_cc_c_o=yes
am_cv_proto_iconv='extern size_t iconv (iconv_t cd, char * *inbuf, size_t *inbytesleft, char * *outbuf, size_t *outbytesleft);'
am_cv_proto_iconv_arg1=
lt_cv_ar_at_file=@
lt_cv_archive_cmds_need_lc=no
lt_cv_deplibs_check_method=pass_all
lt_cv_file_magic_cmd='$MAGIC_CMD'
lt_cv_file_magic_test_file=
lt_cv_ld_reload_flag=-r
lt_cv_nm_interface='BSD nm'
lt_cv_objdir=.libs
lt_cv_path_LD=/usr/bin/ld
lt_cv_path_LDCXX='/usr/bin/ld -m elf_x86_64'
lt_cv_path_NM='/usr/bin/nm -B'
lt_cv_path_mainfest_tool=no
lt_cv_prog_compiler_c_o=yes
lt_cv_prog_compiler_c_o_CXX=yes
lt_cv_prog_compiler_pic='-fPIC -DPIC'
lt_cv_prog_compiler_pic_CXX='-fPIC -DPIC'
lt_cv_prog_compiler_pic_works=yes
lt_cv_prog_compiler_pic_works_CXX=yes
lt_cv_prog_compiler_rtti_exceptions=no
lt_cv_prog_compiler_static_works=yes
lt_cv_prog_compiler_static_works_CXX=yes
lt_cv_prog_gnu_ld=yes
lt_cv_prog_gnu_ldcxx=yes
lt_cv_sharedlib_from_linklib_cmd='printf %s\n'
lt_cv_shlibpath_overrides_runpath=no
lt_cv_sys_global_symbol_pipe='sed -n -e '\''s/^.*[	 ]\([ABCDGIRSTW][ABCDGIRSTW]*\)[	 ][	 ]*\([_A-Za-z][_A-Za-z0-9]*\)$/\1 \2 \2/p'\'' | sed '\''/ __gnu_lto/d'\'''
lt_cv_sys_global_symbol_to_c_name_address='sed -n -e '\''s/^: \([^ ]*\)[ ]*$/  {\"\1\", (void *) 0},/p'\'' -e '\''s/^[ABCDGIRSTW]* \([^ ]*\) \([^ ]*\)$/  {"\2", (void *) \&\2},/p'\'''
lt_cv_sys_global_symbol_to_c_name_address_lib_prefix='sed -n -e '\''s/^: \([^ ]*\)[ ]*$/  {\"\1\", (void *) 0},/p'\'' -e '\''s/^[ABCDGIRSTW]* \([^ ]*\) \(lib[^ ]*\)$/  {"\2", (void *) \&\2},/p'\'' -e '\''s/^[ABCDGIRSTW]* \([^ ]*\) \([^ ]*\)$/  {"lib\2", (void *) \&\2},/p'\'''
lt_cv_sys_global_symbol_to_cdecl='sed -n -e '\''s/^T .* \(.*\)$/extern int \1();/p'\'' -e '\''s/^[ABCDGIRSTW]* .* \(.*\)$/extern char \1;/p'\'''
lt_cv_sys_max_cmd_len=1572864
lt_cv_to_host_file_cmd=func_convert_file_noop
lt_cv_to_tool_file_cmd=func_convert_file_noop

## ----------------- ##
## Output variables. ##
## ----------------- ##

ACLOCAL='${SHELL} /home/vvarghes/Projects/suricata-3.0/libhtp/missing aclocal-1.14'
AMDEPBACKSLASH='\'
AMDEP_FALSE='#'
AMDEP_TRUE=''
AMTAR='$${TAR-tar}'
AM_BACKSLASH='\'
AM_DEFAULT_V='$(AM_DEFAULT_VERBOSITY)'
AM_DEFAULT_VERBOSITY='1'
AM_V='$(V)'
AR='ar'
AUTOCONF='${SHELL} /home/vvarghes/Projects/suricata-3.0/libhtp/missing autoconf'
AUTOHEADER='${SHELL} /home/vvarghes/Projects/suricata-3.0/libhtp/missing autoheader'
AUTOMAKE='${SHELL} /home/vvarghes/Projects/suricata-3.0/libhtp/missing automake-1.14'
AWK='gawk'
CC='gcc'
CCDEPMODE='depmode=gcc3'
CFLAGS=' -O2 -Wstrict-overflow=1 -fstack-protector -D_FORTIFY_SOURCE=2 -Wformat -Wformat-security'
CPP='gcc -E'
CPPFLAGS=' -O2'
CXX='g++'
CXXCPP='g++ -E'
CXXDEPMODE='depmode=gcc3'
CXXFLAGS='-g -O2'
CYGPATH_W='echo'
DEFS='-DHAVE_CONFIG_H'
DEPDIR='.deps'
DLLTOOL='false'
DOXYGEN=''
DSYMUTIL=''
DUMPBIN=''
ECHO_C=''
ECHO_N='-n'
ECHO_T=''
EGREP='/bin/grep -E'
EXEEXT=''
FGREP='/bin/grep -F'
GENERIC_API_VERSION='1.0'
GENERIC_LIBRARY_NAME='htp'
GENERIC_LIBRARY_VERSION='1:0:0'
GENERIC_RELEASE='0.5.18'
GENERIC_VERSION='0.5.18'
GREP='/bin/grep'
INSTALL_DATA='${INSTALL} -m 644'
INSTALL_PROGRAM='${INSTALL}'
INSTALL_SCRIPT='${INSTALL}'
INSTALL_STRIP_PROGRAM='$(install_sh) -c -s'
LCOV='no'
LD='/usr/bin/ld -m elf_x86_64'
LDFLAGS=''
LIBICONV=''
LIBOBJS=''
LIBS='-lz '
LIBTOOL='$(SHELL) $(top_builddir)/libtool'
LIPO=''
LN_S='ln -s'
LTLIBICONV=''
LTLIBOBJS=''
MAKEINFO='${SHELL} /home/vvarghes/Projects/suricata-3.0/libhtp/missing makeinfo'
MANIFEST_TOOL=':'
MKDIR_P='/bin/mkdir -p'
NM='/usr/bin/nm -B'
NMEDIT=''
OBJDUMP='objdump'
OBJEXT='o'
OTOOL64=''
OTOOL=''
PACKAGE='htp'
PACKAGE_BUGREPORT=''
PACKAGE_NAME='LibHTP'
PACKAGE_STRING='LibHTP 0.5.18'
PACKAGE_TARNAME='libhtp'
PACKAGE_URL=''
PACKAGE_VERSION='0.5.18'
PATH_SEPARATOR=':'
RANLIB='ranlib'
SED='/bin/sed'
SET_MAKE=''
SHELL='/bin/bash'
STRIP='strip'
VERSION='0.5.18'
ac_ct_AR='ar'
ac_ct_CC='gcc'
ac_ct_CXX='g++'
ac_ct_DUMPBIN=''
am__EXEEXT_FALSE=''
am__EXEEXT_TRUE='#'
am__fastdepCC_FALSE='#'
am__fastdepCC_TRUE=''
am__fastdepCXX_FALSE='#'
am__fastdepCXX_TRUE=''
am__include='include'
am__isrc=''
am__leading_dot='.'
am__nodep='_no'
am__quote=''
am__tar='$${TAR-tar} chof - "$$tardir"'
am__untar='$${TAR-tar} xf -'
bindir='${exec_prefix}/bin'
build='x86_64-unknown-linux-gnu'
build_alias=''
build_cpu='x86_64'
build_os='linux-gnu'
build_vendor='unknown'
datadir='${datarootdir}'
datarootdir='${prefix}/share'
docdir='${datarootdir}/doc/${PACKAGE_TARNAME}'
doxygen=''
dvidir='${docdir}'
exec_prefix='${prefix}'
host='x86_64-unknown-linux-gnu'
host_alias=''
host_cpu='x86_64'
host_os='linux-gnu'
host_vendor='unknown'
htmldir='${docdir}'
includedir='${prefix}/include'
infodir='${datarootdir}/info'
install_sh='${SHELL} /home/vvarghes/Projects/suricata-3.0/libhtp/install-sh'
libdir='${exec_prefix}/lib'
libexecdir='${exec_prefix}/libexec'
localedir='${datarootdir}/locale'
localstatedir='${prefix}/var'
mandir='${datarootdir}/man'
mkdir_p='$(MKDIR_P)'
oldincludedir='/usr/include'
pdfdir='${docdir}'
prefix='/usr/local'
program_transform_name='s,x,x,'
psdir='${docdir}'
sbindir='${exec_prefix}/sbin'
sharedstatedir='${prefix}/com'
sysconfdir='${prefix}/etc'
target_alias=''

## ----------- ##
## confdefs.h. ##
## ----------- ##

/* confdefs.h */
#define PACKAGE_NAME "LibHTP"
#define PACKAGE_TARNAME "libhtp"
#define PACKAGE_VERSION "0.5.18"
#define PACKAGE_STRING "LibHTP 0.5.18"
#define PACKAGE_BUGREPORT ""
#define PACKAGE_URL ""
#define PACKAGE "libhtp"
#define VERSION "0.5.18"
#define STDC_HEADERS 1
#define HAVE_SYS_TYPES_H 1
#define HAVE_SYS_STAT_H 1
#define HAVE_STDLIB_H 1
#define HAVE_STRING_H 1
#define HAVE_MEMORY_H 1
#define HAVE_STRINGS_H 1
#define HAVE_INTTYPES_H 1
#define HAVE_STDINT_H 1
#define HAVE_UNISTD_H 1
#define HAVE_DLFCN_H 1
#define LT_OBJDIR ".libs/"
#define HAVE_LIBZ 1
#define HAVE_ICONV 1
#define ICONV_CONST 

configure: exit 0
